978-0-539-28597-0	snakebite	JaneDuke	Britain	378.69	0
Invalid 76
Invalid 77
978-0-539-28597-0	snakebite	JaneDuke	Britain	378.69	0
Invalid 79
Invalid 80
Invalid 81
978-0-539-28597-0	snakebite	JaneDuke	Britain	378.69	0
Invalid 86
978-0-539-28597-0	snakebite	JaneDuke	Britain	378.69	0
Invalid 120
Invalid 123
Invalid 124
Invalid 125
Invalid 127
Invalid 128
Invalid 130
Invalid 132
Invalid 133
Invalid 143
978-0-539-28597-0	snakebite	JaneDuke	Britain	378.69	0
Invalid 146
Invalid 147
978-0-539-28597-0	snakebite	JaneDuke	Britain	378.69	0
978-0-539-28597-0	snakebite	JaneDuke	Britain	378.69	0
978-0-539-28597-0	snakebite	JaneDuke	Britain	378.69	0
Invalid 153
978-0-539-28597-0	snakebite	JaneDuke	Britain	378.69	0
Invalid 156
Invalid 157
978-0-539-28597-0	snakebite	JaneDuke	Britain	378.69	0
978-0-539-28597-0	snakebite	JaneDuke	Britain	378.69	0
978-0-539-28597-0	snakebite	JaneDuke	Britain	378.69	0
978-0-539-28597-0	snakebite	JaneDuke	Britain	378.69	0
Invalid 165
978-0-539-28597-0	snakebite	JaneDuke	Britain	378.69	0
Invalid 168
978-0-539-28597-0	snakebite	JaneDuke	Britain	378.69	0
Invalid 170
978-0-539-28597-0	snakebite	JaneDuke	Britain	378.69	0
Invalid 174
978-0-539-28597-0	snakebite	JaneDuke	Britain	378.69	0
978-0-539-28597-0	snakebite	JaneDuke	Britain	378.69	0
Invalid 180
978-0-539-28597-0	snakebite	JaneDuke	Britain	378.69	0
Invalid 182
Invalid 183
Invalid 184
Invalid 185
978-0-539-28597-0	snakebite	JaneDuke	Britain	378.69	0
Invalid 187
Invalid 188
978-0-539-28597-0	snakebite	JaneDuke	Britain	378.69	0
Invalid 192
Invalid 194
978-0-539-28597-0	snakebite	JaneDuke	Britain	378.69	0
Invalid 197
978-0-539-28597-0	snakebite	JaneDuke	Britain	378.69	0
Invalid 202
Invalid 203
Invalid 204
978-0-539-28597-0	snakebite	JaneDuke	Britain	378.69	0
Invalid 208
Invalid 209
Invalid 211
Invalid 213
978-0-539-28597-0	snakebite	JaneDuke	Britain	378.69	0
978-0-539-28597-0	snakebite	JaneDuke	Britain	378.69	0
Invalid 223
Invalid 224
978-0-539-28597-0	snakebite	JaneDuke	Britain	378.69	0
978-0-539-28597-0	snakebite	JaneDuke	Britain	378.69	0
978-0-539-28597-0	snakebite	JaneDuke	Britain	378.69	0
978-0-539-28597-0	snakebite	JaneDuke	Britain	378.69	0
978-0-539-28597-0	snakebite	JaneDuke	Britain	378.69	0
Invalid 230
Invalid 239
Invalid 240
978-0-539-28597-0	gummy	MichaelMurray	banal|homologue|consortium|bevy	127.84	0
Invalid 247
978-0-7836-5800-1	insomnia	DanielleRoss	consortium	112.35	0
978-0-539-28597-0	flair	TamaraHarris	bevy|wealth	22.37	11
Invalid 259
582.18
3370.50
112.35
978-0-7836-5800-1	insomnia	DanielleRoss	consortium	112.35	0
Invalid 271
978-0-7836-5800-1	insomnia	DanielleRoss	consortium	112.35	0
492.14
Invalid 274
134.22
194.06
978-0-7836-5800-1	insomnia	DanielleRoss	consortium	112.35	0
1164.36
Invalid 279
Invalid 280
89.48
978-1-253-97699-1	bugaboo	TylerGonzalez	Roberto|orthophosphate|hansom|anaphora|wealth	194.06	0
Invalid 286
Invalid 288
978-0-539-28597-0	flair	TamaraHarris	bevy|wealth	22.37	18
978-1-253-97699-1	bugaboo	TylerGonzalez	Roberto|orthophosphate|hansom|anaphora|wealth	194.06	0
Invalid 290
Invalid 291
22.37
978-1-253-97699-1	bugaboo	TylerGonzalez	Roberto|orthophosphate|hansom|anaphora|wealth	194.06	0
Invalid 294
Invalid 296
978-0-539-28597-0	flair	TamaraHarris	bevy|wealth	22.37	17
Invalid 298
Invalid 299
978-1-253-97699-1	bugaboo	TylerGonzalez	Roberto|orthophosphate|hansom|anaphora|wealth	194.06	0
978-0-539-28597-0	flair	TamaraHarris	bevy|wealth	22.37	17
Invalid 310
978-1-253-97699-1	bugaboo	TylerGonzalez	Roberto|orthophosphate|hansom|anaphora|wealth	194.06	0
246.07
Invalid 317
978-0-7836-5800-1	insomnia	DanielleRoss	consortium	112.35	0
Invalid 320
978-0-7836-5800-1	insomnia	DanielleRoss	consortium	112.35	0
111.85
978-0-539-28597-0	flair	TamaraHarris	bevy|wealth	22.37	1
Invalid 328
Invalid 329
978-1-253-97699-1	bugaboo	TylerGonzalez	Roberto|orthophosphate|hansom|anaphora|wealth	194.06	0
978-0-539-28597-0	flair	TamaraHarris	bevy|wealth	22.37	1
Invalid 335
Invalid 336
Invalid 338
Invalid 340
978-0-539-28597-0	flair	TamaraHarris	bevy|wealth	22.37	1
Invalid 344
978-0-539-28597-0	flair	TamaraHarris	bevy|wealth	22.37	1
978-0-539-28597-0	flair	TamaraHarris	bevy|wealth	22.37	1
Invalid 347
Invalid 348
978-1-253-97699-1	bugaboo	TylerGonzalez	Roberto|orthophosphate|hansom|anaphora|wealth	194.06	0
+ 6519.58 - 2198.26
978-1-253-97699-1	bugaboo	TylerGonzalez	Roberto|orthophosphate|hansom|anaphora|wealth	194.06	0
978-0-7836-5800-1	endothelial	AaronNovak	uranium|consortium	188.78	0
22.37
Invalid 373
Invalid 376
Invalid 378
978-0-7836-5800-1	endothelial	AaronNovak	uranium|consortium	188.78	0
Invalid 380
Invalid 382
Invalid 385
978-0-539-28597-0	flair	TamaraHarris	bevy|wealth	22.37	0
Invalid 389
Invalid 391
978-0-539-28597-0	flair	TamaraHarris	bevy|wealth	22.37	0
978-1-253-97699-1	bugaboo	HannahJohnson	homologue|hansom|banal|Roberto	29.29	0
978-0-03-806690-2	abysmal	JessicaFoster	switch|enthalpy	436.20	0
Invalid 404
Invalid 407
Invalid 408
978-0-7836-5800-1	DNA	ConnorMedina	uranium|consortium	67.54	20
978-0-539-28597-0	flair	TamaraHarris	bevy|wealth	22.37	0
878.02
Invalid 415
978-1-253-97699-1	bugaboo	HannahJohnson	homologue|hansom|banal|Roberto	29.29	0
Invalid 418
Invalid 419
978-0-03-806690-2	abysmal	JessicaFoster	switch|enthalpy	436.20	0
Invalid 422
978-0-539-28597-0	flair	TamaraHarris	bevy|wealth	22.37	0
Invalid 427
Invalid 429
978-1-253-97699-1	bugaboo	HannahJohnson	homologue|hansom|banal|Roberto	29.29	0

Invalid 434
Invalid 435
Invalid 437
Invalid 440
Invalid 444
Invalid 445
Invalid 448
Invalid 450
Invalid 451
978-0-7836-5800-1	DNA	ConnorMedina	uranium|consortium	67.54	7
978-0-7836-5800-1	DNA	ConnorMedina	uranium|consortium	67.54	7
Invalid 454
Invalid 456
Invalid 458

Invalid 466
978-0-539-28597-0	flair	TamaraHarris	bevy|wealth	22.37	0
Invalid 469
Invalid 472
405.24
Invalid 474
Invalid 477
978-0-539-28597-0	flair	TamaraHarris	bevy|wealth	22.37	0
Invalid 479
978-0-539-28597-0	flair	TamaraHarris	bevy|wealth	22.37	0
Invalid 485
Invalid 487
Invalid 488
Invalid 489
978-0-03-806690-2	abysmal	JessicaFoster	switch|enthalpy	436.20	0
Invalid 494
Invalid 496
67.54
Invalid 498
Invalid 500
Invalid 501
978-0-7836-5800-1	DNA	ConnorMedina	uranium|consortium	67.54	0
Invalid 505
Invalid 506
Invalid 507
Invalid 509
Invalid 510
Invalid 511
Invalid 512
Invalid 513
Invalid 517
Invalid 518
Invalid 519
978-1-253-97699-1	bugaboo	HannahJohnson	homologue|hansom|banal|Roberto	29.29	0
Invalid 524
Invalid 525
978-0-539-28597-0	flair	TamaraHarris	bevy|wealth	22.37	0
Invalid 527
978-0-7836-5800-1	DNA	ConnorMedina	uranium|consortium	67.54	0
Invalid 529

Invalid 531
978-0-03-806690-2	abysmal	JessicaFoster	switch|enthalpy	436.20	0
Invalid 535
Invalid 536
978-0-03-806690-2	abysmal	JessicaFoster	switch|enthalpy	436.20	0
978-1-253-97699-1	bugaboo	HannahJohnson	homologue|hansom|banal|Roberto	29.29	0
978-1-253-97699-1	bugaboo	HannahJohnson	homologue|hansom|banal|Roberto	29.29	0
Invalid 546
978-0-03-806690-2	abysmal	JessicaFoster	switch|enthalpy	436.20	0
Invalid 548

Invalid 553
978-1-253-97699-1	bugaboo	HannahJohnson	homologue|hansom|banal|Roberto	29.29	0
Invalid 557
Invalid 559
Invalid 560
Invalid 561
978-0-03-806690-2	abysmal	JessicaFoster	switch|enthalpy	436.20	0
Invalid 563
Invalid 565
978-0-539-28597-0	flair	TamaraHarris	bevy|wealth	22.37	0
978-0-7836-5800-1	DNA	ConnorMedina	uranium|consortium	67.54	0
Invalid 569
Invalid 570
Invalid 571
Invalid 573

Invalid 575
Invalid 577
Invalid 578
Invalid 579
Invalid 580
Invalid 581
Invalid 583
Invalid 584
978-0-7836-5800-1	DNA	ConnorMedina	uranium|consortium	67.54	0
978-0-7836-5800-1	DNA	ConnorMedina	uranium|consortium	67.54	0
978-0-03-806690-2	abysmal	JessicaFoster	switch|enthalpy	436.20	0
978-0-03-806690-2	abysmal	JessicaFoster	switch|enthalpy	436.20	0
978-0-03-806690-2	abysmal	JessicaFoster	switch|enthalpy	436.20	0
Invalid 592
Invalid 593
Invalid 595
Invalid 596
Invalid 597

Invalid 601
Invalid 602
Invalid 604
Invalid 605
Invalid 607
Invalid 609
978-0-539-28597-0	flair	TamaraHarris	bevy|wealth	22.37	0
Invalid 612
Invalid 614
Invalid 616
978-0-03-806690-2	abysmal	JessicaFoster	switch|enthalpy	436.20	0
Invalid 619
Invalid 623
Invalid 624
Invalid 627
Invalid 630
Invalid 632
Invalid 634
Invalid 639
Invalid 640
Invalid 641
978-0-539-28597-0	flair	TamaraHarris	bevy|wealth	22.37	0
Invalid 643
978-0-539-28597-0	flair	TamaraHarris	bevy|wealth	22.37	0
Invalid 646

Invalid 650
Invalid 653
Invalid 656
Invalid 657
Invalid 658
Invalid 659
978-1-253-97699-1	bugaboo	HannahJohnson	homologue|hansom|banal|Roberto	29.29	0
Invalid 661

Invalid 664
978-1-253-97699-1	bugaboo	HannahJohnson	homologue|hansom|banal|Roberto	29.29	0
Invalid 667
978-1-253-97699-1	bugaboo	HannahJohnson	homologue|hansom|banal|Roberto	29.29	0
Invalid 669
Invalid 670
Invalid 671
978-0-03-806690-2	abysmal	JessicaFoster	switch|enthalpy	436.20	0
Invalid 677
Invalid 678
Invalid 679
Invalid 680
978-0-7836-5800-1	DNA	ConnorMedina	uranium|consortium	67.54	0
Invalid 683
978-0-539-28597-0	flair	TamaraHarris	bevy|wealth	22.37	0
Invalid 685
Invalid 686
978-1-253-97699-1	bugaboo	HannahJohnson	homologue|hansom|banal|Roberto	29.29	0
Invalid 691
Invalid 692
Invalid 694
Invalid 695
