Invaild 34
Invaild 35
Invaild 37
Invaild 38
Invaild 39
Invaild 40
Invaild 41
Invaild 42
Invaild 47
Invaild 48
978-0-280-51417-6	mockernut	ZacharySilva	hiatus|frigate|nutritious|douse|tulle	228.61	0
978-0-388-60682-7	phase	ZacharySilva	hiatus|purslane|withheld	48.90	0
978-0-427-96596-0	ignorant	AmandaDean	hiatus|douse|nutritious|grandniece	448.73	0
978-0-601-41528-1	salaam	MckenzieWhite	hiatus	351.99	2
978-0-641-43198-2	not	MckenzieWhite	Syria|tulle|frigate|hiatus	359.46	0
978-0-88211-570-2	category	AmandaDean	frigate|hiatus|Syria	311.12	0
978-0-89779-874-7	Irishmen	MckenzieWhite	Watkins|hiatus|incessant	191.68	6
978-1-261-59338-8	Methuselah	RavenHancock	hiatus|grandniece|incessant|tulle|Syria	250.79	0
978-1-59466-314-7	framework	MckenzieWhite	hiatus|purslane	422.34	0
978-1-59999-417-8	gear		purslane|hiatus	379.86	0
Invaild 52
Invaild 53
978-0-280-51417-6	mockernut	ZacharySilva	hiatus|frigate|nutritious|douse|tulle	228.61	0
978-0-388-60682-7	phase	ZacharySilva	hiatus|purslane|withheld	48.90	0
978-0-427-96596-0	ignorant	AmandaDean	hiatus|douse|nutritious|grandniece	448.73	0
978-0-601-41528-1	salaam	MckenzieWhite	hiatus	351.99	2
978-0-641-43198-2	not	MckenzieWhite	Syria|tulle|frigate|hiatus	359.46	0
978-0-88211-570-2	category	AmandaDean	frigate|hiatus|Syria	311.12	0
978-0-89779-874-7	Irishmen	MckenzieWhite	Watkins|hiatus|incessant	191.68	6
978-1-261-59338-8	Methuselah	RavenHancock	hiatus|grandniece|incessant|tulle|Syria	250.79	0
978-1-59466-314-7	framework	MckenzieWhite	hiatus|purslane	422.34	0
978-1-59999-417-8	gear		purslane|hiatus	379.86	0
Invaild 55
Invaild 56

Invaild 59
Invaild 60
Invaild 68
Invaild 69
Invaild 71
Invaild 72
Invaild 74
Invaild 75
Invaild 76
Invaild 77
Invaild 78
978-1-72026-968-7	contradistinguish	JonathanAdams	grandniece|tulle	358.04	3
Invaild 81
Invaild 82
Invaild 83
Invaild 86
Invaild 88
Invaild 95
Invaild 96
Invaild 97

Invaild 99
Invaild 100
Invaild 101
Invaild 103
Invaild 104
Invaild 105
978-0-601-41528-1	salaam	MckenzieWhite	hiatus	351.99	2
978-1-72026-968-7	contradistinguish	JonathanAdams	grandniece|tulle	358.04	3
Invaild 109
Invaild 110
