Invaild 3
Invaild 4
Invaild 13
Invaild 14
323.72
978-0-641-43198-2	not	MckenzieWhite	Syria|tulle|frigate|hiatus	359.46	0
978-1-57076-066-2	profile	MckenzieWhite	Syria|bianco	245.51	1
978-1-59466-314-7	framework	MckenzieWhite	hiatus|purslane	422.34	0
Invaild 20
Invaild 21
342.19
Invaild 24
Invaild 25
Invaild 26
978-0-88211-570-2	category	AmandaDean	frigate|hiatus|Syria	311.12	0
Invaild 30
Invaild 31
Invaild 32
Invaild 33
Invaild 34
978-0-346-59823-2	syllabic	JefferyHill	denizen|bianco	323.72	18
978-1-4693-2357-2	poultry	RavenHancock	bianco	342.19	8
978-1-57076-066-2	profile	MckenzieWhite	Syria|bianco	245.51	1
Invaild 39
Invaild 40
Invaild 41
Invaild 42
Invaild 43
Invaild 44
Invaild 47
Invaild 48
Invaild 50
Invaild 51
Invaild 55
Invaild 56
Invaild 57
978-0-641-43198-2	not	MckenzieWhite	Syria|tulle|frigate|hiatus	359.46	0
Invaild 59
Invaild 60
Invaild 61
Invaild 64
Invaild 65
Invaild 66
Invaild 67
978-1-59466-314-7	framework	MckenzieWhite	hiatus|purslane	422.34	0
Invaild 86
Invaild 87
Invaild 88
323.72
Invaild 92
Invaild 93
342.19
Invaild 95
Invaild 96
Invaild 98
Invaild 99
Invaild 102
Invaild 103
978-0-09-047259-8	conveyor	ZacharySilva	frigate|Syria	20.10	0
Invaild 105
Invaild 106
Invaild 107
Invaild 108
Invaild 111
Invaild 112
Invaild 113

Invaild 115
Invaild 116
978-0-7827-9310-9	immigrate	MonicaZavala	greenwood|nutritious|denizen	119.05	10
978-0-89779-874-7	nurture	MckenzieWhite	Syria|purslane|nutritious	191.68	0
245.51
Invaild 119
Invaild 120
Invaild 121
Invaild 122
Invaild 123
Invaild 124
Invaild 125
