Invaild 11
Invaild 12
Invaild 18
Invaild 19
Invaild 20
Invaild 21
Invaild 22
Invaild 23
Invaild 24
Invaild 25
Invaild 26
Invaild 27
Invaild 28
Invaild 30
Invaild 34
978-0-910812-86-3	abeyance		grandniece|nutritious|withheld	157.25	0
978-1-261-59338-8	Methuselah	RavenHancock	hiatus|grandniece|incessant|tulle|Syria	250.79	0
978-0-89779-874-7	nurture	MckenzieWhite	Syria|purslane|nutritious	191.68	0
978-1-59466-314-7	framework	MckenzieWhite	hiatus|purslane	422.34	0
978-1-972437-83-4	Algenib	TiffanyBrown	Syria|purslane|denizen	141.68	30
Invaild 41
Invaild 42
Invaild 44
Invaild 45

Invaild 47
Invaild 48
323.72
Invaild 56
Invaild 57
Invaild 60
Invaild 61
Invaild 62
Invaild 63
Invaild 64
Invaild 65
Invaild 66
Invaild 67
Invaild 69
Invaild 70
Invaild 75
Invaild 76

Invaild 78
Invaild 80
Invaild 81
Invaild 82
978-0-910812-86-3	abeyance		grandniece|nutritious|withheld	157.25	0
978-0-641-43198-2	not	MckenzieWhite	Syria|tulle|frigate|hiatus	359.46	0
978-1-261-59338-8	Methuselah	RavenHancock	hiatus|grandniece|incessant|tulle|Syria	250.79	0
Invaild 86
978-1-972437-83-4	Algenib	TiffanyBrown	Syria|purslane|denizen	141.68	30
Invaild 93
Invaild 94
Invaild 95
Invaild 96
Invaild 97
978-0-7827-9310-9	immigrate	MonicaZavala	greenwood|nutritious|denizen	119.05	10
978-0-7827-9310-9	immigrate	MonicaZavala	greenwood|nutritious|denizen	119.05	10
Invaild 102
Invaild 103
Invaild 104
Invaild 105
Invaild 106
Invaild 107
Invaild 108
Invaild 109
978-0-346-59823-2	Messrs	MckenzieWhite	denizen|bianco	323.72	16
978-0-641-43198-2	not	MckenzieWhite	Syria|tulle|frigate|hiatus	359.46	0
978-0-89779-874-7	nurture	MckenzieWhite	Syria|purslane|nutritious	191.68	0
978-1-57076-066-2	profile	MckenzieWhite	Syria|bianco	245.51	0
978-1-59466-314-7	framework	MckenzieWhite	hiatus|purslane	422.34	0
Invaild 111
Invaild 112
Invaild 113
Invaild 114
Invaild 115
Invaild 116
978-1-972437-83-4	Algenib	TiffanyBrown	Syria|purslane|denizen	141.68	30
342.19
Invaild 119
Invaild 120
