Invaild 5
Invaild 6
Invaild 9
Invaild 10
Invaild 11
Invaild 12
Invaild 13
Invaild 14
Invaild 15
Invaild 18
Invaild 19
Invaild 20
Invaild 21
Invaild 22

978-0-7827-9310-9	immigrate	MonicaZavala	greenwood|nutritious|denizen	119.05	10
342.19
Invaild 31
Invaild 32

978-0-09-047259-8	conveyor	ZacharySilva	frigate|Syria	20.10	0
978-0-641-43198-2	not	MckenzieWhite	Syria|tulle|frigate|hiatus	359.46	0
978-0-88211-570-2	category	AmandaDean	frigate|hiatus|Syria	311.12	0
978-0-89779-874-7	nurture	MckenzieWhite	Syria|purslane|nutritious	191.68	0
978-1-261-59338-8	Methuselah	RavenHancock	hiatus|grandniece|incessant|tulle|Syria	250.79	0
978-1-57076-066-2	profile	MckenzieWhite	Syria|bianco	245.51	0
978-1-972437-83-4	Algenib	TiffanyBrown	Syria|purslane|denizen	141.68	30
Invaild 36
119.05
Invaild 38
Invaild 39
Invaild 40
Invaild 41
Invaild 42
Invaild 43
Invaild 44

Invaild 46
Invaild 47
Invaild 48
978-1-261-59338-8	Methuselah	RavenHancock	hiatus|grandniece|incessant|tulle|Syria	250.79	0
978-1-279-17902-4	filament	RavenHancock	bianco|incessant|frigate	165.43	0
978-1-4693-2357-2	poultry	RavenHancock	bianco	342.19	5
978-0-89779-874-7	nurture	MckenzieWhite	Syria|purslane|nutritious	191.68	0
978-1-59466-314-7	framework	MckenzieWhite	hiatus|purslane	422.34	0
978-1-972437-83-4	Algenib	TiffanyBrown	Syria|purslane|denizen	141.68	30
Invaild 51
Invaild 52
Invaild 55
Invaild 56
Invaild 57

Invaild 62
Invaild 63
Invaild 64
978-1-261-59338-8	Methuselah	RavenHancock	hiatus|grandniece|incessant|tulle|Syria	250.79	0
Invaild 66
Invaild 67
Invaild 68

Invaild 72
Invaild 73

Invaild 77
Invaild 78
978-1-279-17902-4	filament	RavenHancock	bianco|incessant|frigate	165.43	0
Invaild 82
Invaild 83
Invaild 84
Invaild 85
Invaild 86
Invaild 87
Invaild 88
Invaild 89
Invaild 90
Invaild 92
Invaild 93
Invaild 99
978-0-346-59823-2	Messrs	MckenzieWhite	denizen|bianco	323.72	16
Invaild 101
Invaild 102

Invaild 105
Invaild 107
Invaild 108
Invaild 110
Invaild 111
Invaild 112
Invaild 113
Invaild 114
Invaild 116
Invaild 117
Invaild 118
Invaild 119
