978-0-88211-570-2	category	AmandaDean	frigate|hiatus|Syria	311.12	0
Invaild 12
Invaild 13
978-0-910812-86-3	abeyance		grandniece|nutritious|withheld	157.25	0
978-1-261-59338-8	Methuselah	RavenHancock	hiatus|grandniece|incessant|tulle|Syria	250.79	0
Invaild 29
Invaild 30
978-0-346-59823-2	Messrs	MckenzieWhite	denizen|bianco	323.72	16
978-0-641-43198-2	not	MckenzieWhite	Syria|tulle|frigate|hiatus	359.46	0
978-0-89779-874-7	nurture	MckenzieWhite	Syria|purslane|nutritious	191.68	0
978-1-57076-066-2	profile	MckenzieWhite	Syria|bianco	245.51	0
978-1-59466-314-7	framework	MckenzieWhite	hiatus|purslane	422.34	0
978-0-346-59823-2	Messrs	MckenzieWhite	denizen|bianco	323.72	16
978-0-641-43198-2	not	MckenzieWhite	Syria|tulle|frigate|hiatus	359.46	0
978-0-89779-874-7	nurture	MckenzieWhite	Syria|purslane|nutritious	191.68	0
978-1-57076-066-2	profile	MckenzieWhite	Syria|bianco	245.51	0
978-1-59466-314-7	framework	MckenzieWhite	hiatus|purslane	422.34	0
Invaild 41
Invaild 42
978-1-261-59338-8	Methuselah	RavenHancock	hiatus|grandniece|incessant|tulle|Syria	250.79	0
978-1-279-17902-4	filament	RavenHancock	bianco|incessant|frigate	165.43	0
Invaild 45
Invaild 46
Invaild 47
Invaild 48
Invaild 51
Invaild 52
Invaild 53
Invaild 54
Invaild 56
Invaild 57
Invaild 58
Invaild 60
Invaild 63
Invaild 64
Invaild 65
Invaild 66
Invaild 67

978-1-57076-066-2	profile	MckenzieWhite	Syria|bianco	245.51	0
Invaild 71
Invaild 72
Invaild 73

Invaild 75
Invaild 76
Invaild 77
Invaild 78
Invaild 79
Invaild 80
342.19
Invaild 82
Invaild 83
Invaild 86
Invaild 87

Invaild 90
Invaild 91
Invaild 92
Invaild 93
Invaild 94
978-0-346-59823-2	Messrs	MckenzieWhite	denizen|bianco	323.72	16
978-0-7827-9310-9	immigrate	MonicaZavala	greenwood|nutritious|denizen	119.05	9
978-1-972437-83-4	Algenib	TiffanyBrown	Syria|purslane|denizen	141.68	30
Invaild 96
Invaild 97
Invaild 100
Invaild 103

978-0-09-047259-8	conveyor	ZacharySilva	frigate|Syria	20.10	0
978-0-641-43198-2	not	MckenzieWhite	Syria|tulle|frigate|hiatus	359.46	0
978-0-88211-570-2	category	AmandaDean	frigate|hiatus|Syria	311.12	0
978-0-89779-874-7	nurture	MckenzieWhite	Syria|purslane|nutritious	191.68	0
978-1-261-59338-8	Methuselah	RavenHancock	hiatus|grandniece|incessant|tulle|Syria	250.79	0
978-1-57076-066-2	profile	MckenzieWhite	Syria|bianco	245.51	0
978-1-972437-83-4	Algenib	TiffanyBrown	Syria|purslane|denizen	141.68	30

Invaild 107
Invaild 108
Invaild 109

