Invaild 11
Invaild 12
Invaild 13
978-0-513-66114-1				0.00	7


Invaild 17

Invaild 22
Invaild 23

Invaild 26
Invaild 27
Invaild 28
Invaild 29
Invaild 46
Invaild 47
Invaild 50
Invaild 51
0.00
Invaild 53
Invaild 54

Invaild 56
Invaild 57

Invaild 59
Invaild 61
978-0-89779-874-7	Irishmen	MckenzieWhite	Watkins|hiatus|incessant	191.68	6
323.72
Invaild 64
Invaild 65
978-0-7827-9310-9	immigrate	MonicaZavala	greenwood|nutritious|denizen	119.05	8
978-1-106-06721-0	Cayley	ZacharySilva	hiatus|greenwood	273.65	0
978-1-308-23156-3	plucky	JefferyHill	greenwood|Watkins	114.67	13
Invaild 68
Invaild 69
Invaild 74
Invaild 75
Invaild 80
Invaild 81
Invaild 82
Invaild 83
Invaild 84
Invaild 85
Invaild 87
Invaild 88
Invaild 89
Invaild 90
Invaild 102
Invaild 103
Invaild 104
978-0-910812-86-3	abeyance		grandniece|nutritious|withheld	157.25	0
978-1-261-59338-8	Methuselah	RavenHancock	hiatus|grandniece|incessant|tulle|Syria	250.79	0
Invaild 106
Invaild 108
Invaild 109
Invaild 110
Invaild 111
Invaild 114
Invaild 115
Invaild 117
Invaild 118
