Invaild 10
Invaild 11
Invaild 12
Invaild 13
Invaild 14
Invaild 15
Invaild 17
Invaild 18
Invaild 19
Invaild 20
Invaild 26
Invaild 27

Invaild 32
Invaild 33
Invaild 34

Invaild 38
Invaild 39
Invaild 42
Invaild 54
Invaild 55
978-0-910812-86-3	downward	NathanielOdom	bianco	14.95	0
Invaild 57
Invaild 58
Invaild 59
Invaild 60
Invaild 61
Invaild 62
Invaild 63
Invaild 65
Invaild 66
Invaild 68

Invaild 70
Invaild 71
Invaild 72

Invaild 74

Invaild 79
Invaild 80

Invaild 83
Invaild 84
Invaild 85
Invaild 86
Invaild 87
978-0-427-96596-0	ignorant	MckenzieWhite	grandniece|douse|frigate|greenwood|nutritious	14.02	0
978-0-7827-9310-9	immigrate	MonicaZavala	greenwood|nutritious|denizen	119.05	8
978-1-308-23156-3	plucky	JefferyHill	greenwood|Watkins	114.67	13
Invaild 89
Invaild 90
Invaild 91
Invaild 92
Invaild 93
323.72
Invaild 97
Invaild 98

Invaild 101
Invaild 102
Invaild 103
Invaild 104
978-0-910812-86-3	downward	NathanielOdom	bianco	14.95	0
978-0-88211-570-2	category	AmandaDean	frigate|hiatus|Syria	311.12	0
978-0-641-43198-2	not	MckenzieWhite	Syria|tulle|frigate|hiatus	359.46	0
Invaild 115
Invaild 116
Invaild 120
Invaild 121
Invaild 122
Invaild 123
Invaild 124
