Invaild 2
Invaild 6
Invaild 7
978-0-910812-86-3	downward	NathanielOdom	bianco	14.95	0

Invaild 10
978-0-427-96596-0	ignorant	MckenzieWhite	grandniece|douse|frigate|greenwood|nutritious	14.02	0
978-0-7827-9310-9	immigrate	MonicaZavala	greenwood|nutritious|denizen	119.05	8
978-1-07-334578-6	manage	JefferyHill	denizen|frigate|greenwood|lordosis	106.35	0
978-1-308-23156-3	plucky	JefferyHill	greenwood|Watkins	114.67	13
978-0-427-96596-0	ignorant	MckenzieWhite	grandniece|douse|frigate|greenwood|nutritious	14.02	0
978-0-7827-9310-9	immigrate	MonicaZavala	greenwood|nutritious|denizen	119.05	8
978-1-07-334578-6	manage	JefferyHill	denizen|frigate|greenwood|lordosis	106.35	0
978-1-308-23156-3	plucky	JefferyHill	greenwood|Watkins	114.67	13
Invaild 14
Invaild 15
Invaild 18
Invaild 19
Invaild 40
978-0-88211-570-2	category	AmandaDean	frigate|hiatus|Syria	311.12	0
Invaild 46
Invaild 47
Invaild 48
Invaild 49


Invaild 52
978-0-280-51417-6	mockernut	ZacharySilva	hiatus|frigate|nutritious|douse|tulle	228.61	0
Invaild 54
Invaild 55
978-1-07-334578-6	manage	JefferyHill	denizen|frigate|greenwood|lordosis	106.35	0
978-1-308-23156-3	plucky	JefferyHill	greenwood|Watkins	114.67	13
978-0-427-96596-0	ignorant	MckenzieWhite	grandniece|douse|frigate|greenwood|nutritious	14.02	0
978-0-7827-9310-9	immigrate	MonicaZavala	greenwood|nutritious|denizen	119.05	8
978-1-07-334578-6	manage	JefferyHill	denizen|frigate|greenwood|lordosis	106.35	0
978-1-130-87263-7	solid	NathanielOdom	withheld|purslane|grandniece|Syria|greenwood	0.00	0
978-1-308-23156-3	plucky	JefferyHill	greenwood|Watkins	114.67	13
Invaild 58
Invaild 59
Invaild 60
Invaild 61
Invaild 62
Invaild 63
Invaild 64


Invaild 71
Invaild 72
Invaild 73
Invaild 74
Invaild 76
Invaild 77
Invaild 78
Invaild 79
Invaild 82
Invaild 83
Invaild 85
Invaild 86
Invaild 88
Invaild 89
Invaild 90
Invaild 91
Invaild 92
Invaild 93
978-0-427-96596-0	ignorant	MckenzieWhite	grandniece|douse|frigate|greenwood|nutritious	14.02	0
978-1-130-87263-7	solid	NathanielOdom	withheld|purslane|grandniece|Syria|greenwood	0.00	0
978-1-261-59338-8	Methuselah	RavenHancock	hiatus|grandniece|incessant|tulle|Syria	250.79	0
978-1-72026-968-7	contradistinguish	JonathanAdams	grandniece|tulle	358.04	3
978-0-427-96596-0	ignorant	MckenzieWhite	grandniece|douse|frigate|greenwood|nutritious	14.02	0
978-1-130-87263-7	solid	NathanielOdom	withheld|purslane|grandniece|Syria|greenwood	0.00	0
978-1-261-59338-8	Methuselah	RavenHancock	hiatus|grandniece|incessant|tulle|Syria	250.79	0
978-1-72026-968-7	contradistinguish	JonathanAdams	grandniece|tulle	358.04	3
Invaild 100
Invaild 101
Invaild 106
Invaild 107
978-0-346-59823-2	Messrs	MckenzieWhite	denizen|bianco	323.72	14
978-0-7827-9310-9	immigrate	MonicaZavala	greenwood|nutritious|denizen	119.05	8
978-1-07-334578-6	manage	JefferyHill	denizen|frigate|greenwood|lordosis	106.35	0
978-1-106-06721-0	sago	ZacharySilva	denizen|Syria	53.88	0
978-1-4751-5862-5	speech	JonathanAdams	denizen|nutritious	1.66	0
978-1-972437-83-4	Algenib	TiffanyBrown	Syria|purslane|denizen	141.68	30
Invaild 109
Invaild 110
Invaild 114
Invaild 115
Invaild 116
Invaild 117
Invaild 119
Invaild 120
Invaild 121
Invaild 122
Invaild 126
Invaild 127
